<?xml version="1.0" encoding="UTF-8"?>
<!-- Generated by org.testng.reporters.JUnitReportReporter -->
<testsuite hostname="TrangNguyen" failures="0" tests="2" name="automation.testsuite.LoginTest" time="7.118" errors="0" timestamp="2025-11-19T21:35:18 ICT" skipped="0">
  <testcase classname="automation.testsuite.LoginTest" name="loginFailed" time="3.347"/>
  <testcase classname="automation.testsuite.LoginTest" name="loginSuccessfully" time="3.771"/>
</testsuite> <!-- automation.testsuite.LoginTest -->
