<?xml version="1.0" encoding="UTF-8"?>
<!-- Generated by org.testng.reporters.JUnitReportReporter -->
<testsuite hostname="TrangNguyen" failures="0" tests="2" name="automation.testsuite.LoginTest" time="29.378" errors="0" timestamp="2025-11-23T19:28:26 ICT" skipped="0">
  <testcase classname="automation.testsuite.LoginTest" name="loginSuccessfully" time="5.801"/>
  <testcase classname="automation.testsuite.LoginTest" name="loginFailed" time="23.577"/>
</testsuite> <!-- automation.testsuite.LoginTest -->
