<?xml version="1.0" encoding="UTF-8"?>
<!-- Generated by org.testng.reporters.JUnitXMLReporter -->
<testsuite ignored="3" hostname="TrangNguyen" failures="0" tests="1" name="Default test" time="9.695" errors="0" timestamp="2025-10-22T15:38:20 ICT">
  <testcase classname="automation.testsuite.Practice" name="nhapTenNhanVien" time="9.659"/>
  <testcase classname="automation.testsuite.Practice" name="tinhTongMang" time="0.0">
    <ignored/>
  </testcase> <!-- tinhTongMang -->
  <testcase classname="automation.testsuite.Practice" name="timSoLonNhatMang" time="0.0">
    <ignored/>
  </testcase> <!-- timSoLonNhatMang -->
  <testcase classname="automation.testsuite.Practice" name="timSoNhoNhatMang" time="0.0">
    <ignored/>
  </testcase> <!-- timSoNhoNhatMang -->
</testsuite> <!-- Default test -->
