<?xml version="1.0" encoding="UTF-8"?>
<!-- Generated by org.testng.reporters.JUnitXMLReporter -->
<testsuite ignored="3" hostname="TrangNguyen" failures="0" tests="1" name="Default test" time="5.074" errors="0" timestamp="2025-11-24T22:10:07 ICT">
  <testcase classname="automation.testsuite.BTVNday14_test" name="ChangePwd" time="2.872"/>
  <testcase classname="automation.testsuite.BTVNday14_test" name="LogoutVibloSuccessfully" time="0.0">
    <ignored/>
  </testcase> <!-- LogoutVibloSuccessfully -->
  <testcase classname="automation.testsuite.BTVNday14_test" name="LoginVibloSuccessfully" time="0.0">
    <ignored/>
  </testcase> <!-- LoginVibloSuccessfully -->
  <testcase classname="automation.testsuite.BTVNday14_test" name="LoginVibloFailed" time="0.0">
    <ignored/>
  </testcase> <!-- LoginVibloFailed -->
</testsuite> <!-- Default test -->
