<?xml version="1.0" encoding="UTF-8"?>
<testng-results ignored="1" total="2" passed="1" failed="0" skipped="0">
  <reporter-output>
  </reporter-output>
  <suite started-at="2025-10-22T15:00:33 ICT" name="Default suite" finished-at="2025-10-22T15:00:44 ICT" duration-ms="11601">
    <groups>
    </groups>
    <test started-at="2025-10-22T15:00:33 ICT" name="Default test" finished-at="2025-10-22T15:00:44 ICT" duration-ms="11601">
      <class name="automation.testsuite.Practice">
        <test-method signature="tinhTongMang()[pri:0, instance:automation.testsuite.Practice@4c583ecf]" started-at="2025-10-22T15:00:33 ICT" name="tinhTongMang" finished-at="2025-10-22T15:00:44 ICT" duration-ms="11566" status="PASS">
          <reporter-output>
          </reporter-output>
        </test-method> <!-- tinhTongMang -->
      </class> <!-- automation.testsuite.Practice -->
    </test> <!-- Default test -->
  </suite> <!-- Default suite -->
</testng-results>
